2026-07-10T17:34:43.347-05:00  INFO [bottles-api, , ] 67932 --- [bottles-api] [restartedMain] [                                                 ] c.c.c.ConfigServicePropertySourceLocator : Fetching config from server at : http://localhost:8012
2026-07-10T17:34:44.453-05:00  INFO [bottles-api, , ] 67932 --- [bottles-api] [restartedMain] [                                                 ] c.c.c.ConfigServicePropertySourceLocator : Located environment: name=bottles-api, profiles=[default], label=null, version=cf5dc211f0d310d8fa259e11702441a245ae4207, state=
2026-07-10T17:34:44.454-05:00  INFO [bottles-api, , ] 67932 --- [bottles-api] [restartedMain] [                                                 ] b.c.PropertySourceBootstrapConfiguration : Located property source: [BootstrapPropertySource {name='bootstrapProperties-configClient'}, BootstrapPropertySource {name='bootstrapProperties-https://github.com/PeterEckIII/bourbon_nook_configuration/application.properties'}]
2026-07-10T17:34:44.468-05:00  INFO [bottles-api, , ] 67932 --- [bottles-api] [restartedMain] [                                                 ] c.b.bottles_api.BottlesApiApplication    : No active profile set, falling back to 1 default profile: "default"
2026-07-10T17:34:45.235-05:00  INFO [bottles-api, , ] 67932 --- [bottles-api] [restartedMain] [                                                 ] .s.d.r.c.RepositoryConfigurationDelegate : Bootstrapping Spring Data JPA repositories in DEFAULT mode.
2026-07-10T17:34:45.309-05:00  INFO [bottles-api, , ] 67932 --- [bottles-api] [restartedMain] [                                                 ] .s.d.r.c.RepositoryConfigurationDelegate : Finished Spring Data repository scanning in 68 ms. Found 1 JPA repository interface.
2026-07-10T17:34:45.477-05:00  INFO [bottles-api, , ] 67932 --- [bottles-api] [restartedMain] [                                                 ] faultConfiguringBeanFactoryPostProcessor : No bean named 'errorChannel' has been explicitly defined. Therefore, a default PublishSubscribeChannel will be created.
2026-07-10T17:34:45.481-05:00  INFO [bottles-api, , ] 67932 --- [bottles-api] [restartedMain] [                                                 ] faultConfiguringBeanFactoryPostProcessor : No bean named 'integrationHeaderChannelRegistry' has been explicitly defined. Therefore, a default DefaultHeaderChannelRegistry will be created.
2026-07-10T17:34:45.538-05:00  INFO [bottles-api, , ] 67932 --- [bottles-api] [restartedMain] [                                                 ] o.s.cloud.context.scope.GenericScope     : BeanFactory id=826a94ad-be53-39fe-b95d-ff0421165955
2026-07-10T17:34:45.885-05:00  INFO [bottles-api, , ] 67932 --- [bottles-api] [restartedMain] [                                                 ] o.s.b.w.embedded.tomcat.TomcatWebServer  : Tomcat initialized with port 8083 (http)
2026-07-10T17:34:45.894-05:00  INFO [bottles-api, , ] 67932 --- [bottles-api] [restartedMain] [                                                 ] o.apache.catalina.core.StandardService   : Starting service [Tomcat]
2026-07-10T17:34:45.895-05:00  INFO [bottles-api, , ] 67932 --- [bottles-api] [restartedMain] [                                                 ] o.apache.catalina.core.StandardEngine    : Starting Servlet engine: [Apache Tomcat/10.1.55]
2026-07-10T17:34:45.930-05:00  INFO [bottles-api, , ] 67932 --- [bottles-api] [restartedMain] [                                                 ] o.a.c.c.C.[Tomcat].[localhost].[/]       : Initializing Spring embedded WebApplicationContext
2026-07-10T17:34:45.930-05:00  INFO [bottles-api, , ] 67932 --- [bottles-api] [restartedMain] [                                                 ] w.s.c.ServletWebServerApplicationContext : Root WebApplicationContext: initialization completed in 1453 ms
2026-07-10T17:34:46.181-05:00  INFO [bottles-api, , ] 67932 --- [bottles-api] [restartedMain] [                                                 ] o.hibernate.jpa.internal.util.LogHelper  : HHH000204: Processing PersistenceUnitInfo [name: default]
2026-07-10T17:34:46.199-05:00  INFO [bottles-api, , ] 67932 --- [bottles-api] [restartedMain] [                                                 ] org.hibernate.Version                    : HHH000412: Hibernate ORM core version 6.6.53.Final
2026-07-10T17:34:46.210-05:00  INFO [bottles-api, , ] 67932 --- [bottles-api] [restartedMain] [                                                 ] o.h.c.internal.RegionFactoryInitiator    : HHH000026: Second-level cache disabled
2026-07-10T17:34:46.294-05:00  INFO [bottles-api, , ] 67932 --- [bottles-api] [restartedMain] [                                                 ] o.s.o.j.p.SpringPersistenceUnitInfo      : No LoadTimeWeaver setup: ignoring JPA class transformer
2026-07-10T17:34:46.303-05:00  INFO [bottles-api, , ] 67932 --- [bottles-api] [restartedMain] [                                                 ] com.zaxxer.hikari.HikariDataSource       : HikariPool-1 - Starting...
2026-07-10T17:34:46.391-05:00  INFO [bottles-api, , ] 67932 --- [bottles-api] [restartedMain] [                                                 ] com.zaxxer.hikari.pool.HikariPool        : HikariPool-1 - Added connection com.mysql.cj.jdbc.ConnectionImpl@7f4208f8
2026-07-10T17:34:46.391-05:00  INFO [bottles-api, , ] 67932 --- [bottles-api] [restartedMain] [                                                 ] com.zaxxer.hikari.HikariDataSource       : HikariPool-1 - Start completed.
2026-07-10T17:34:46.431-05:00  INFO [bottles-api, , ] 67932 --- [bottles-api] [restartedMain] [                                                 ] org.hibernate.orm.connections.pooling    : HHH10001005: Database info:
	Database JDBC URL [Connecting through datasource 'HikariDataSource (HikariPool-1)']
	Database driver: undefined/unknown
	Database version: 9.6
	Autocommit mode: undefined/unknown
	Isolation level: undefined/unknown
	Minimum pool size: undefined/unknown
	Maximum pool size: undefined/unknown
2026-07-10T17:34:46.753-05:00  INFO [bottles-api, , ] 67932 --- [bottles-api] [restartedMain] [                                                 ] o.h.e.t.j.p.i.JtaPlatformInitiator       : HHH000489: No JTA platform available (set 'hibernate.transaction.jta.platform' to enable JTA platform integration)
2026-07-10T17:34:46.772-05:00  INFO [bottles-api, , ] 67932 --- [bottles-api] [restartedMain] [                                                 ] j.LocalContainerEntityManagerFactoryBean : Initialized JPA EntityManagerFactory for persistence unit 'default'
2026-07-10T17:34:46.911-05:00  WARN [bottles-api, , ] 67932 --- [bottles-api] [restartedMain] [                                                 ] JpaBaseConfiguration$JpaWebConfiguration : spring.jpa.open-in-view is enabled by default. Therefore, database queries may be performed during view rendering. Explicitly configure spring.jpa.open-in-view to disable this warning
2026-07-10T17:34:47.236-05:00  INFO [bottles-api, , ] 67932 --- [bottles-api] [restartedMain] [                                                 ] o.s.b.a.e.web.EndpointLinksResolver      : Exposing 2 endpoints beneath base path '/actuator'
2026-07-10T17:34:47.266-05:00  INFO [bottles-api, , ] 67932 --- [bottles-api] [restartedMain] [                                                 ] r$InitializeUserDetailsManagerConfigurer : Global AuthenticationManager configured with UserDetailsService bean with name inMemoryUserDetailsManager
2026-07-10T17:34:47.564-05:00  INFO [bottles-api, , ] 67932 --- [bottles-api] [restartedMain] [                                                 ] o.s.c.s.m.DirectWithAttributesChannel    : Channel 'application-1.springCloudBusInput' has 1 subscriber(s).
2026-07-10T17:34:47.682-05:00  INFO [bottles-api, , ] 67932 --- [bottles-api] [restartedMain] [                                                 ] o.s.b.a.h2.H2ConsoleAutoConfiguration    : H2 console available at '/h2-console'. Database available at 'jdbc:mysql://localhost:3306/bourbon_nook?serverTimezone=UTC'
2026-07-10T17:34:47.705-05:00  WARN [bottles-api, , ] 67932 --- [bottles-api] [restartedMain] [                                                 ] o.s.b.d.a.OptionalLiveReloadServer       : Unable to start LiveReload server
2026-07-10T17:34:47.722-05:00  INFO [bottles-api, , ] 67932 --- [bottles-api] [restartedMain] [                                                 ] DiscoveryClientOptionalArgsConfiguration : Eureka HTTP Client uses RestTemplate.
2026-07-10T17:34:47.749-05:00  WARN [bottles-api, , ] 67932 --- [bottles-api] [restartedMain] [                                                 ] iguration$LoadBalancerCaffeineWarnLogger : Spring Cloud LoadBalancer is currently working with the default cache. While this cache implementation is useful for development and tests, it's recommended to use Caffeine cache in production.You can switch to using Caffeine cache, by adding it and org.springframework.cache.caffeine.CaffeineCacheManager to the classpath.
2026-07-10T17:34:47.881-05:00  INFO [bottles-api, , ] 67932 --- [bottles-api] [restartedMain] [                                                 ] figuration$IntegrationJmxConfiguration$1 : Registering MessageChannel errorChannel
2026-07-10T17:34:47.886-05:00  INFO [bottles-api, , ] 67932 --- [bottles-api] [restartedMain] [                                                 ] figuration$IntegrationJmxConfiguration$1 : Registering MessageChannel springCloudBusInput
2026-07-10T17:34:47.890-05:00  INFO [bottles-api, , ] 67932 --- [bottles-api] [restartedMain] [                                                 ] figuration$IntegrationJmxConfiguration$1 : Registering MessageChannel nullChannel
2026-07-10T17:34:47.894-05:00  INFO [bottles-api, , ] 67932 --- [bottles-api] [restartedMain] [                                                 ] figuration$IntegrationJmxConfiguration$1 : Registering MessageHandler _org.springframework.integration.errorLogger
2026-07-10T17:34:47.903-05:00  INFO [bottles-api, , ] 67932 --- [bottles-api] [restartedMain] [                                                 ] o.s.i.endpoint.EventDrivenConsumer       : Adding {logging-channel-adapter:_org.springframework.integration.errorLogger} as a subscriber to the 'errorChannel' channel
2026-07-10T17:34:47.904-05:00  INFO [bottles-api, , ] 67932 --- [bottles-api] [restartedMain] [                                                 ] o.s.i.channel.PublishSubscribeChannel    : Channel 'application-1.errorChannel' has 1 subscriber(s).
2026-07-10T17:34:47.904-05:00  INFO [bottles-api, , ] 67932 --- [bottles-api] [restartedMain] [                                                 ] o.s.i.endpoint.EventDrivenConsumer       : started bean '_org.springframework.integration.errorLogger'
2026-07-10T17:34:47.946-05:00  INFO [bottles-api, , ] 67932 --- [bottles-api] [restartedMain] [                                                 ] o.s.c.n.eureka.InstanceInfoFactory       : Setting initial instance status as: STARTING
2026-07-10T17:34:47.959-05:00  INFO [bottles-api, , ] 67932 --- [bottles-api] [restartedMain] [                                                 ] com.netflix.discovery.DiscoveryClient    : Initializing Eureka in region us-east-1
2026-07-10T17:34:47.962-05:00  INFO [bottles-api, , ] 67932 --- [bottles-api] [restartedMain] [                                                 ] c.n.d.s.r.aws.ConfigClusterResolver      : Resolving eureka endpoints via configuration
2026-07-10T17:34:47.970-05:00  INFO [bottles-api, , ] 67932 --- [bottles-api] [restartedMain] [                                                 ] com.netflix.discovery.DiscoveryClient    : Disable delta property : false
2026-07-10T17:34:47.970-05:00  INFO [bottles-api, , ] 67932 --- [bottles-api] [restartedMain] [                                                 ] com.netflix.discovery.DiscoveryClient    : Single vip registry refresh property : null
2026-07-10T17:34:47.970-05:00  INFO [bottles-api, , ] 67932 --- [bottles-api] [restartedMain] [                                                 ] com.netflix.discovery.DiscoveryClient    : Force full registry fetch : false
2026-07-10T17:34:47.970-05:00  INFO [bottles-api, , ] 67932 --- [bottles-api] [restartedMain] [                                                 ] com.netflix.discovery.DiscoveryClient    : Application is null : false
2026-07-10T17:34:47.970-05:00  INFO [bottles-api, , ] 67932 --- [bottles-api] [restartedMain] [                                                 ] com.netflix.discovery.DiscoveryClient    : Registered Applications size is zero : true
2026-07-10T17:34:47.970-05:00  INFO [bottles-api, , ] 67932 --- [bottles-api] [restartedMain] [                                                 ] com.netflix.discovery.DiscoveryClient    : Application version is -1: true
2026-07-10T17:34:47.971-05:00  INFO [bottles-api, , ] 67932 --- [bottles-api] [restartedMain] [                                                 ] com.netflix.discovery.DiscoveryClient    : Getting all instance registry info from the eureka server
2026-07-10T17:34:48.302-05:00  INFO [bottles-api, , ] 67932 --- [bottles-api] [restartedMain] [                                                 ] com.netflix.discovery.DiscoveryClient    : The response status is 200
2026-07-10T17:34:48.304-05:00  INFO [bottles-api, , ] 67932 --- [bottles-api] [restartedMain] [                                                 ] com.netflix.discovery.DiscoveryClient    : Starting heartbeat executor: renew interval is: 30
2026-07-10T17:34:48.305-05:00  INFO [bottles-api, , ] 67932 --- [bottles-api] [restartedMain] [                                                 ] c.n.discovery.InstanceInfoReplicator     : InstanceInfoReplicator onDemand update allowed rate per min is 4
2026-07-10T17:34:48.307-05:00  INFO [bottles-api, , ] 67932 --- [bottles-api] [restartedMain] [                                                 ] com.netflix.discovery.DiscoveryClient    : Discovery Client initialized at timestamp 1783722888306 with initial instances count: 2
2026-07-10T17:34:48.310-05:00  INFO [bottles-api, , ] 67932 --- [bottles-api] [restartedMain] [                                                 ] o.s.c.n.e.s.EurekaServiceRegistry        : Registering application BOTTLES-API with eureka with status UP
2026-07-10T17:34:48.310-05:00  INFO [bottles-api, , ] 67932 --- [bottles-api] [restartedMain] [                                                 ] com.netflix.discovery.DiscoveryClient    : Saw local status change event StatusChangeEvent [timestamp=1783722888310, current=UP, previous=STARTING]
2026-07-10T17:34:48.312-05:00  INFO [bottles-api, , ] 67932 --- [bottles-api] [DiscoveryClient-InstanceInfoReplicator-%d] [                                                 ] com.netflix.discovery.DiscoveryClient    : DiscoveryClient_BOTTLES-API/bottles-api:deb5f01eddf438369cf6eb68684c1b48: registering service...
2026-07-10T17:34:48.313-05:00  INFO [bottles-api, , ] 67932 --- [bottles-api] [restartedMain] [                                                 ] o.s.c.s.binder.DefaultBinderFactory      : Creating binder: rabbit
2026-07-10T17:34:48.313-05:00  INFO [bottles-api, , ] 67932 --- [bottles-api] [restartedMain] [                                                 ] o.s.c.s.binder.DefaultBinderFactory      : Constructing binder child context for rabbit
2026-07-10T17:34:48.402-05:00  INFO [bottles-api, , ] 67932 --- [bottles-api] [restartedMain] [                                                 ] o.s.c.s.binder.DefaultBinderFactory      : Caching the binder: rabbit
2026-07-10T17:34:48.413-05:00  INFO [bottles-api, , ] 67932 --- [bottles-api] [restartedMain] [                                                 ] c.s.b.r.p.RabbitExchangeQueueProvisioner : declaring queue for inbound: springCloudBus.anonymous.1oyktiGRT4uJ6RLWvomymQ, bound to: springCloudBus
2026-07-10T17:34:48.419-05:00  INFO [bottles-api, , ] 67932 --- [bottles-api] [restartedMain] [                                                 ] o.s.a.r.c.CachingConnectionFactory       : Attempting to connect to: [localhost:5672]
2026-07-10T17:34:48.472-05:00  INFO [bottles-api, , ] 67932 --- [bottles-api] [restartedMain] [                                                 ] o.s.a.r.c.CachingConnectionFactory       : Created new connection: rabbitConnectionFactory#12e217a9:0/SimpleConnection@738ca650 [delegate=amqp://peter@127.0.0.1:5672/, localPort=59716]
2026-07-10T17:34:48.490-05:00  INFO [bottles-api, , ] 67932 --- [bottles-api] [DiscoveryClient-InstanceInfoReplicator-%d] [                                                 ] com.netflix.discovery.DiscoveryClient    : DiscoveryClient_BOTTLES-API/bottles-api:deb5f01eddf438369cf6eb68684c1b48 - registration status: 204
2026-07-10T17:34:48.502-05:00  INFO [bottles-api, , ] 67932 --- [bottles-api] [restartedMain] [                                                 ] o.s.c.stream.binder.BinderErrorChannel   : Channel 'rabbit-705155116.springCloudBusInput.errors' has 1 subscriber(s).
2026-07-10T17:34:48.503-05:00  INFO [bottles-api, , ] 67932 --- [bottles-api] [restartedMain] [                                                 ] o.s.c.stream.binder.BinderErrorChannel   : Channel 'rabbit-705155116.springCloudBusInput.errors' has 2 subscriber(s).
2026-07-10T17:34:48.511-05:00  INFO [bottles-api, , ] 67932 --- [bottles-api] [restartedMain] [                                                 ] o.s.i.a.i.AmqpInboundChannelAdapter      : started bean 'inbound.springCloudBus.anonymous.1oyktiGRT4uJ6RLWvomymQ'
2026-07-10T17:34:48.525-05:00  INFO [bottles-api, , ] 67932 --- [bottles-api] [restartedMain] [                                                 ] o.s.b.w.embedded.tomcat.TomcatWebServer  : Tomcat started on port 8083 (http) with context path '/'
2026-07-10T17:34:48.527-05:00  INFO [bottles-api, , ] 67932 --- [bottles-api] [restartedMain] [                                                 ] .s.c.n.e.s.EurekaAutoServiceRegistration : Updating port to 8083
2026-07-10T17:34:48.569-05:00  INFO [bottles-api, , ] 67932 --- [bottles-api] [restartedMain] [                                                 ] figuration$IntegrationJmxConfiguration$1 : Registering MessageChannel rabbit-705155116.springCloudBusInput.errors
2026-07-10T17:34:48.609-05:00  INFO [bottles-api, , ] 67932 --- [bottles-api] [restartedMain] [                                                 ] c.b.bottles_api.BottlesApiApplication    : Started BottlesApiApplication in 6.016 seconds (process running for 6.71)
2026-07-10T17:34:49.023-05:00  INFO [bottles-api, , ] 67932 --- [bottles-api] [RMI TCP Connection(2)-127.0.0.1] [                                                 ] o.a.c.c.C.[Tomcat].[localhost].[/]       : Initializing Spring DispatcherServlet 'dispatcherServlet'
2026-07-10T17:34:49.023-05:00  INFO [bottles-api, , ] 67932 --- [bottles-api] [RMI TCP Connection(2)-127.0.0.1] [                                                 ] o.s.web.servlet.DispatcherServlet        : Initializing Servlet 'dispatcherServlet'
2026-07-10T17:34:49.026-05:00  INFO [bottles-api, , ] 67932 --- [bottles-api] [RMI TCP Connection(2)-127.0.0.1] [                                                 ] o.s.web.servlet.DispatcherServlet        : Completed initialization in 3 ms
2026-07-10T17:34:49.521-05:00  WARN [bottles-api, , ] 67932 --- [bottles-api] [AsyncReporter{ZipkinHttpClientSender{http://localhost:9411/api/v2/spans}}] [                                                 ] z.r.i.AsyncReporter$BoundedAsyncReporter : Spans were dropped due to exceptions. All subsequent errors will be logged at FINE level.
2026-07-10T17:34:49.521-05:00  WARN [bottles-api, , ] 67932 --- [bottles-api] [AsyncReporter{ZipkinHttpClientSender{http://localhost:9411/api/v2/spans}}] [                                                 ] z.r.i.AsyncReporter$BoundedAsyncReporter : Dropped 1 spans due to ConnectException()

java.net.ConnectException
	at java.net.http/jdk.internal.net.http.HttpClientImpl.send(HttpClientImpl.java:900) ~[java.net.http:na]
	at java.net.http/jdk.internal.net.http.HttpClientFacade.send(HttpClientFacade.java:133) ~[java.net.http:na]
	at org.springframework.boot.actuate.autoconfigure.tracing.zipkin.ZipkinHttpClientSender.postSpans(ZipkinHttpClientSender.java:60) ~[spring-boot-actuator-autoconfigure-3.5.15.jar:3.5.15]
	at org.springframework.boot.actuate.autoconfigure.tracing.zipkin.HttpSender.postSpans(HttpSender.java:69) ~[spring-boot-actuator-autoconfigure-3.5.15.jar:3.5.15]
	at org.springframework.boot.actuate.autoconfigure.tracing.zipkin.HttpSender.postSpans(HttpSender.java:41) ~[spring-boot-actuator-autoconfigure-3.5.15.jar:3.5.15]
	at zipkin2.reporter.BaseHttpSender.send(BaseHttpSender.java:123) ~[zipkin-reporter-3.5.3.jar:na]
	at zipkin2.reporter.internal.AsyncReporter$BoundedAsyncReporter.flush(AsyncReporter.java:266) ~[zipkin-reporter-3.5.3.jar:na]
	at zipkin2.reporter.internal.AsyncReporter$Flusher.run(AsyncReporter.java:352) ~[zipkin-reporter-3.5.3.jar:na]
	at java.base/java.lang.Thread.run(Thread.java:840) ~[na:na]
Caused by: java.net.ConnectException
	at java.net.http/jdk.internal.net.http.common.Utils.toConnectException(Utils.java:1107) ~[java.net.http:na]
	at java.net.http/jdk.internal.net.http.PlainHttpConnection.connectAsync(PlainHttpConnection.java:203) ~[java.net.http:na]
	at java.net.http/jdk.internal.net.http.PlainHttpConnection.checkRetryConnect(PlainHttpConnection.java:238) ~[java.net.http:na]
	at java.net.http/jdk.internal.net.http.PlainHttpConnection.lambda$connectAsync$1(PlainHttpConnection.java:214) ~[java.net.http:na]
	at java.base/java.util.concurrent.CompletableFuture.uniHandle(CompletableFuture.java:934) ~[na:na]
	at java.base/java.util.concurrent.CompletableFuture$UniHandle.tryFire(CompletableFuture.java:911) ~[na:na]
	at java.base/java.util.concurrent.CompletableFuture.postComplete(CompletableFuture.java:510) ~[na:na]
	at java.base/java.util.concurrent.CompletableFuture$AsyncSupply.run(CompletableFuture.java:1773) ~[na:na]
	at java.base/java.util.concurrent.ThreadPoolExecutor.runWorker(ThreadPoolExecutor.java:1136) ~[na:na]
	at java.base/java.util.concurrent.ThreadPoolExecutor$Worker.run(ThreadPoolExecutor.java:635) ~[na:na]
	... 1 common frames omitted
Caused by: java.nio.channels.ClosedChannelException
	at java.base/sun.nio.ch.SocketChannelImpl.ensureOpen(SocketChannelImpl.java:195) ~[na:na]
	at java.base/sun.nio.ch.SocketChannelImpl.beginConnect(SocketChannelImpl.java:760) ~[na:na]
	at java.base/sun.nio.ch.SocketChannelImpl.connect(SocketChannelImpl.java:848) ~[na:na]
	at java.net.http/jdk.internal.net.http.PlainHttpConnection.lambda$connectAsync$0(PlainHttpConnection.java:187) ~[java.net.http:na]
	at java.base/java.security.AccessController.doPrivileged(AccessController.java:569) ~[na:na]
	at java.net.http/jdk.internal.net.http.PlainHttpConnection.connectAsync(PlainHttpConnection.java:189) ~[java.net.http:na]
	... 9 common frames omitted

2026-07-10T17:37:45.247-05:00  INFO [bottles-api, , ] 67932 --- [bottles-api] [SpringApplicationShutdownHook] [                                                 ] o.s.c.n.e.s.EurekaServiceRegistry        : Unregistering application BOTTLES-API with eureka with status DOWN
2026-07-10T17:37:45.248-05:00  INFO [bottles-api, , ] 67932 --- [bottles-api] [SpringApplicationShutdownHook] [                                                 ] com.netflix.discovery.DiscoveryClient    : Saw local status change event StatusChangeEvent [timestamp=1783723065248, current=DOWN, previous=UP]
2026-07-10T17:37:45.248-05:00  INFO [bottles-api, , ] 67932 --- [bottles-api] [DiscoveryClient-InstanceInfoReplicator-%d] [                                                 ] com.netflix.discovery.DiscoveryClient    : DiscoveryClient_BOTTLES-API/bottles-api:deb5f01eddf438369cf6eb68684c1b48: registering service...
2026-07-10T17:37:45.253-05:00  INFO [bottles-api, , ] 67932 --- [bottles-api] [SpringApplicationShutdownHook] [                                                 ] o.s.b.w.e.tomcat.GracefulShutdown        : Commencing graceful shutdown. Waiting for active requests to complete
2026-07-10T17:37:45.252-05:00  INFO [bottles-api, , ] 67932 --- [bottles-api] [DiscoveryClient-InstanceInfoReplicator-%d] [                                                 ] c.n.d.s.t.d.RedirectingEurekaHttpClient  : Request execution error. endpoint=DefaultEndpoint{ serviceUrl='http://peter:MarmaladeDaydream22!@localhost:8010/eureka/} exception=I/O error on POST request for "http://localhost:8010/eureka/apps/BOTTLES-API": Connect to http://localhost:8010 failed: Connection refused

org.springframework.web.client.ResourceAccessException: I/O error on POST request for "http://localhost:8010/eureka/apps/BOTTLES-API": Connect to http://localhost:8010 failed: Connection refused
	at org.springframework.web.client.RestTemplate.createResourceAccessException(RestTemplate.java:926) ~[spring-web-6.2.19.jar:6.2.19]
	at org.springframework.web.client.RestTemplate.doExecute(RestTemplate.java:906) ~[spring-web-6.2.19.jar:6.2.19]
	at org.springframework.web.client.RestTemplate.execute(RestTemplate.java:841) ~[spring-web-6.2.19.jar:6.2.19]
	at org.springframework.web.client.RestTemplate.exchange(RestTemplate.java:702) ~[spring-web-6.2.19.jar:6.2.19]
	at org.springframework.cloud.netflix.eureka.http.RestTemplateEurekaHttpClient.register(RestTemplateEurekaHttpClient.java:87) ~[spring-cloud-netflix-eureka-client-4.3.3.jar:4.3.3]
	at com.netflix.discovery.shared.transport.decorator.EurekaHttpClientDecorator$1.execute(EurekaHttpClientDecorator.java:59) ~[eureka-client-2.0.6.jar:2.0.6]
	at com.netflix.discovery.shared.transport.decorator.RedirectingEurekaHttpClient.execute(RedirectingEurekaHttpClient.java:90) ~[eureka-client-2.0.6.jar:2.0.6]
	at com.netflix.discovery.shared.transport.decorator.EurekaHttpClientDecorator.register(EurekaHttpClientDecorator.java:56) ~[eureka-client-2.0.6.jar:2.0.6]
	at com.netflix.discovery.shared.transport.decorator.EurekaHttpClientDecorator$1.execute(EurekaHttpClientDecorator.java:59) ~[eureka-client-2.0.6.jar:2.0.6]
	at com.netflix.discovery.shared.transport.decorator.RetryableEurekaHttpClient.execute(RetryableEurekaHttpClient.java:120) ~[eureka-client-2.0.6.jar:2.0.6]
	at com.netflix.discovery.shared.transport.decorator.EurekaHttpClientDecorator.register(EurekaHttpClientDecorator.java:56) ~[eureka-client-2.0.6.jar:2.0.6]
	at com.netflix.discovery.shared.transport.decorator.EurekaHttpClientDecorator$1.execute(EurekaHttpClientDecorator.java:59) ~[eureka-client-2.0.6.jar:2.0.6]
	at com.netflix.discovery.shared.transport.decorator.SessionedEurekaHttpClient.execute(SessionedEurekaHttpClient.java:76) ~[eureka-client-2.0.6.jar:2.0.6]
	at com.netflix.discovery.shared.transport.decorator.EurekaHttpClientDecorator.register(EurekaHttpClientDecorator.java:56) ~[eureka-client-2.0.6.jar:2.0.6]
	at com.netflix.discovery.DiscoveryClient.register(DiscoveryClient.java:843) ~[eureka-client-2.0.6.jar:2.0.6]
	at com.netflix.discovery.InstanceInfoReplicator.run(InstanceInfoReplicator.java:125) ~[eureka-client-2.0.6.jar:2.0.6]
	at com.netflix.discovery.InstanceInfoReplicator$2.run(InstanceInfoReplicator.java:105) ~[eureka-client-2.0.6.jar:2.0.6]
	at java.base/java.util.concurrent.Executors$RunnableAdapter.call(Executors.java:539) ~[na:na]
	at java.base/java.util.concurrent.FutureTask.run(FutureTask.java:264) ~[na:na]
	at java.base/java.util.concurrent.ScheduledThreadPoolExecutor$ScheduledFutureTask.run(ScheduledThreadPoolExecutor.java:304) ~[na:na]
	at java.base/java.util.concurrent.ThreadPoolExecutor.runWorker(ThreadPoolExecutor.java:1136) ~[na:na]
	at java.base/java.util.concurrent.ThreadPoolExecutor$Worker.run(ThreadPoolExecutor.java:635) ~[na:na]
	at java.base/java.lang.Thread.run(Thread.java:840) ~[na:na]
Caused by: org.apache.hc.client5.http.HttpHostConnectException: Connect to http://localhost:8010 failed: Connection refused
	at java.base/sun.nio.ch.Net.pollConnect(Native Method) ~[na:na]
	at java.base/sun.nio.ch.Net.pollConnectNow(Net.java:684) ~[na:na]
	at java.base/sun.nio.ch.NioSocketImpl.timedFinishConnect(NioSocketImpl.java:554) ~[na:na]
	at java.base/sun.nio.ch.NioSocketImpl.connect(NioSocketImpl.java:602) ~[na:na]
	at java.base/java.net.SocksSocketImpl.connect(SocksSocketImpl.java:327) ~[na:na]
	at java.base/java.net.Socket.connect(Socket.java:633) ~[na:na]
	at org.apache.hc.client5.http.impl.io.DefaultHttpClientConnectionOperator.connect(DefaultHttpClientConnectionOperator.java:226) ~[httpclient5-5.5.2.jar:5.5.2]
	at org.apache.hc.client5.http.impl.io.PoolingHttpClientConnectionManager.connect(PoolingHttpClientConnectionManager.java:497) ~[httpclient5-5.5.2.jar:5.5.2]
	at org.apache.hc.client5.http.impl.classic.InternalExecRuntime.connectEndpoint(InternalExecRuntime.java:164) ~[httpclient5-5.5.2.jar:5.5.2]
	at org.apache.hc.client5.http.impl.classic.InternalExecRuntime.connectEndpoint(InternalExecRuntime.java:174) ~[httpclient5-5.5.2.jar:5.5.2]
	at org.apache.hc.client5.http.impl.classic.ConnectExec.execute(ConnectExec.java:144) ~[httpclient5-5.5.2.jar:5.5.2]
	at org.apache.hc.client5.http.impl.classic.ExecChainElement.execute(ExecChainElement.java:51) ~[httpclient5-5.5.2.jar:5.5.2]
	at org.apache.hc.client5.http.impl.classic.ProtocolExec.execute(ProtocolExec.java:195) ~[httpclient5-5.5.2.jar:5.5.2]
	at org.apache.hc.client5.http.impl.classic.ExecChainElement.execute(ExecChainElement.java:51) ~[httpclient5-5.5.2.jar:5.5.2]
	at org.apache.hc.client5.http.impl.classic.ContentCompressionExec.execute(ContentCompressionExec.java:168) ~[httpclient5-5.5.2.jar:5.5.2]
	at org.apache.hc.client5.http.impl.classic.ExecChainElement.execute(ExecChainElement.java:51) ~[httpclient5-5.5.2.jar:5.5.2]
	at org.apache.hc.client5.http.impl.classic.HttpRequestRetryExec.execute(HttpRequestRetryExec.java:112) ~[httpclient5-5.5.2.jar:5.5.2]
	at org.apache.hc.client5.http.impl.classic.ExecChainElement.execute(ExecChainElement.java:51) ~[httpclient5-5.5.2.jar:5.5.2]
	at org.apache.hc.client5.http.impl.classic.RedirectExec.execute(RedirectExec.java:110) ~[httpclient5-5.5.2.jar:5.5.2]
	at org.apache.hc.client5.http.impl.classic.ExecChainElement.execute(ExecChainElement.java:51) ~[httpclient5-5.5.2.jar:5.5.2]
	at org.apache.hc.client5.http.impl.classic.InternalHttpClient.doExecute(InternalHttpClient.java:185) ~[httpclient5-5.5.2.jar:5.5.2]
	at org.apache.hc.client5.http.impl.classic.CloseableHttpClient.execute(CloseableHttpClient.java:87) ~[httpclient5-5.5.2.jar:5.5.2]
	at org.apache.hc.client5.http.impl.classic.CloseableHttpClient.execute(CloseableHttpClient.java:55) ~[httpclient5-5.5.2.jar:5.5.2]
	at org.apache.hc.client5.http.classic.HttpClient.executeOpen(HttpClient.java:183) ~[httpclient5-5.5.2.jar:5.5.2]
	at org.springframework.http.client.HttpComponentsClientHttpRequest.executeInternal(HttpComponentsClientHttpRequest.java:99) ~[spring-web-6.2.19.jar:6.2.19]
	at org.springframework.http.client.AbstractStreamingClientHttpRequest.executeInternal(AbstractStreamingClientHttpRequest.java:88) ~[spring-web-6.2.19.jar:6.2.19]
	at org.springframework.http.client.AbstractClientHttpRequest.execute(AbstractClientHttpRequest.java:81) ~[spring-web-6.2.19.jar:6.2.19]
	at org.springframework.http.client.InterceptingClientHttpRequest$InterceptingRequestExecution.execute(InterceptingClientHttpRequest.java:117) ~[spring-web-6.2.19.jar:6.2.19]
	at org.springframework.cloud.netflix.eureka.http.RestTemplateTransportClientFactory.lambda$restTemplate$2(RestTemplateTransportClientFactory.java:145) ~[spring-cloud-netflix-eureka-client-4.3.3.jar:4.3.3]
	at org.springframework.http.client.InterceptingClientHttpRequest$InterceptingRequestExecution.execute(InterceptingClientHttpRequest.java:88) ~[spring-web-6.2.19.jar:6.2.19]
	at org.springframework.http.client.support.BasicAuthenticationInterceptor.intercept(BasicAuthenticationInterceptor.java:79) ~[spring-web-6.2.19.jar:6.2.19]
	at org.springframework.http.client.InterceptingClientHttpRequest$InterceptingRequestExecution.execute(InterceptingClientHttpRequest.java:88) ~[spring-web-6.2.19.jar:6.2.19]
	at org.springframework.http.client.InterceptingClientHttpRequest.executeInternal(InterceptingClientHttpRequest.java:72) ~[spring-web-6.2.19.jar:6.2.19]
	at org.springframework.http.client.AbstractBufferingClientHttpRequest.executeInternal(AbstractBufferingClientHttpRequest.java:48) ~[spring-web-6.2.19.jar:6.2.19]
	at org.springframework.http.client.AbstractClientHttpRequest.execute(AbstractClientHttpRequest.java:81) ~[spring-web-6.2.19.jar:6.2.19]
	at org.springframework.web.client.RestTemplate.doExecute(RestTemplate.java:900) ~[spring-web-6.2.19.jar:6.2.19]
	... 21 common frames omitted

2026-07-10T17:37:45.253-05:00  WARN [bottles-api, , ] 67932 --- [bottles-api] [DiscoveryClient-InstanceInfoReplicator-%d] [                                                 ] c.n.d.s.t.d.RetryableEurekaHttpClient    : Request execution failed with message: I/O error on POST request for "http://localhost:8010/eureka/apps/BOTTLES-API": Connect to http://localhost:8010 failed: Connection refused
2026-07-10T17:37:45.254-05:00  INFO [bottles-api, , ] 67932 --- [bottles-api] [tomcat-shutdown] [                                                 ] o.s.b.w.e.tomcat.GracefulShutdown        : Graceful shutdown complete
2026-07-10T17:37:45.258-05:00  INFO [bottles-api, , ] 67932 --- [bottles-api] [DiscoveryClient-InstanceInfoReplicator-%d] [                                                 ] c.n.d.s.t.d.RedirectingEurekaHttpClient  : Request execution error. endpoint=DefaultEndpoint{ serviceUrl='http://peter:MarmaladeDaydream22!@localhost:8010/eureka/}, exception=I/O error on POST request for "http://localhost:8010/eureka/apps/BOTTLES-API": Connect to http://localhost:8010 failed: Connection refused

org.springframework.web.client.ResourceAccessException: I/O error on POST request for "http://localhost:8010/eureka/apps/BOTTLES-API": Connect to http://localhost:8010 failed: Connection refused
	at org.springframework.web.client.RestTemplate.createResourceAccessException(RestTemplate.java:926) ~[spring-web-6.2.19.jar:6.2.19]
	at org.springframework.web.client.RestTemplate.doExecute(RestTemplate.java:906) ~[spring-web-6.2.19.jar:6.2.19]
	at org.springframework.web.client.RestTemplate.execute(RestTemplate.java:841) ~[spring-web-6.2.19.jar:6.2.19]
	at org.springframework.web.client.RestTemplate.exchange(RestTemplate.java:702) ~[spring-web-6.2.19.jar:6.2.19]
	at org.springframework.cloud.netflix.eureka.http.RestTemplateEurekaHttpClient.register(RestTemplateEurekaHttpClient.java:87) ~[spring-cloud-netflix-eureka-client-4.3.3.jar:4.3.3]
	at com.netflix.discovery.shared.transport.decorator.EurekaHttpClientDecorator$1.execute(EurekaHttpClientDecorator.java:59) ~[eureka-client-2.0.6.jar:2.0.6]
	at com.netflix.discovery.shared.transport.decorator.RedirectingEurekaHttpClient.executeOnNewServer(RedirectingEurekaHttpClient.java:120) ~[eureka-client-2.0.6.jar:2.0.6]
	at com.netflix.discovery.shared.transport.decorator.RedirectingEurekaHttpClient.execute(RedirectingEurekaHttpClient.java:79) ~[eureka-client-2.0.6.jar:2.0.6]
	at com.netflix.discovery.shared.transport.decorator.EurekaHttpClientDecorator.register(EurekaHttpClientDecorator.java:56) ~[eureka-client-2.0.6.jar:2.0.6]
	at com.netflix.discovery.shared.transport.decorator.EurekaHttpClientDecorator$1.execute(EurekaHttpClientDecorator.java:59) ~[eureka-client-2.0.6.jar:2.0.6]
	at com.netflix.discovery.shared.transport.decorator.RetryableEurekaHttpClient.execute(RetryableEurekaHttpClient.java:120) ~[eureka-client-2.0.6.jar:2.0.6]
	at com.netflix.discovery.shared.transport.decorator.EurekaHttpClientDecorator.register(EurekaHttpClientDecorator.java:56) ~[eureka-client-2.0.6.jar:2.0.6]
	at com.netflix.discovery.shared.transport.decorator.EurekaHttpClientDecorator$1.execute(EurekaHttpClientDecorator.java:59) ~[eureka-client-2.0.6.jar:2.0.6]
	at com.netflix.discovery.shared.transport.decorator.SessionedEurekaHttpClient.execute(SessionedEurekaHttpClient.java:76) ~[eureka-client-2.0.6.jar:2.0.6]
	at com.netflix.discovery.shared.transport.decorator.EurekaHttpClientDecorator.register(EurekaHttpClientDecorator.java:56) ~[eureka-client-2.0.6.jar:2.0.6]
	at com.netflix.discovery.DiscoveryClient.register(DiscoveryClient.java:843) ~[eureka-client-2.0.6.jar:2.0.6]
	at com.netflix.discovery.InstanceInfoReplicator.run(InstanceInfoReplicator.java:125) ~[eureka-client-2.0.6.jar:2.0.6]
	at com.netflix.discovery.InstanceInfoReplicator$2.run(InstanceInfoReplicator.java:105) ~[eureka-client-2.0.6.jar:2.0.6]
	at java.base/java.util.concurrent.Executors$RunnableAdapter.call(Executors.java:539) ~[na:na]
	at java.base/java.util.concurrent.FutureTask.run(FutureTask.java:264) ~[na:na]
	at java.base/java.util.concurrent.ScheduledThreadPoolExecutor$ScheduledFutureTask.run(ScheduledThreadPoolExecutor.java:304) ~[na:na]
	at java.base/java.util.concurrent.ThreadPoolExecutor.runWorker(ThreadPoolExecutor.java:1136) ~[na:na]
	at java.base/java.util.concurrent.ThreadPoolExecutor$Worker.run(ThreadPoolExecutor.java:635) ~[na:na]
	at java.base/java.lang.Thread.run(Thread.java:840) ~[na:na]
Caused by: org.apache.hc.client5.http.HttpHostConnectException: Connect to http://localhost:8010 failed: Connection refused
	at java.base/sun.nio.ch.Net.pollConnect(Native Method) ~[na:na]
	at java.base/sun.nio.ch.Net.pollConnectNow(Net.java:684) ~[na:na]
	at java.base/sun.nio.ch.NioSocketImpl.timedFinishConnect(NioSocketImpl.java:554) ~[na:na]
	at java.base/sun.nio.ch.NioSocketImpl.connect(NioSocketImpl.java:602) ~[na:na]
	at java.base/java.net.SocksSocketImpl.connect(SocksSocketImpl.java:327) ~[na:na]
	at java.base/java.net.Socket.connect(Socket.java:633) ~[na:na]
	at org.apache.hc.client5.http.impl.io.DefaultHttpClientConnectionOperator.connect(DefaultHttpClientConnectionOperator.java:226) ~[httpclient5-5.5.2.jar:5.5.2]
	at org.apache.hc.client5.http.impl.io.PoolingHttpClientConnectionManager.connect(PoolingHttpClientConnectionManager.java:497) ~[httpclient5-5.5.2.jar:5.5.2]
	at org.apache.hc.client5.http.impl.classic.InternalExecRuntime.connectEndpoint(InternalExecRuntime.java:164) ~[httpclient5-5.5.2.jar:5.5.2]
	at org.apache.hc.client5.http.impl.classic.InternalExecRuntime.connectEndpoint(InternalExecRuntime.java:174) ~[httpclient5-5.5.2.jar:5.5.2]
	at org.apache.hc.client5.http.impl.classic.ConnectExec.execute(ConnectExec.java:144) ~[httpclient5-5.5.2.jar:5.5.2]
	at org.apache.hc.client5.http.impl.classic.ExecChainElement.execute(ExecChainElement.java:51) ~[httpclient5-5.5.2.jar:5.5.2]
	at org.apache.hc.client5.http.impl.classic.ProtocolExec.execute(ProtocolExec.java:195) ~[httpclient5-5.5.2.jar:5.5.2]
	at org.apache.hc.client5.http.impl.classic.ExecChainElement.execute(ExecChainElement.java:51) ~[httpclient5-5.5.2.jar:5.5.2]
	at org.apache.hc.client5.http.impl.classic.ContentCompressionExec.execute(ContentCompressionExec.java:168) ~[httpclient5-5.5.2.jar:5.5.2]
	at org.apache.hc.client5.http.impl.classic.ExecChainElement.execute(ExecChainElement.java:51) ~[httpclient5-5.5.2.jar:5.5.2]
	at org.apache.hc.client5.http.impl.classic.HttpRequestRetryExec.execute(HttpRequestRetryExec.java:112) ~[httpclient5-5.5.2.jar:5.5.2]
	at org.apache.hc.client5.http.impl.classic.ExecChainElement.execute(ExecChainElement.java:51) ~[httpclient5-5.5.2.jar:5.5.2]
	at org.apache.hc.client5.http.impl.classic.RedirectExec.execute(RedirectExec.java:110) ~[httpclient5-5.5.2.jar:5.5.2]
	at org.apache.hc.client5.http.impl.classic.ExecChainElement.execute(ExecChainElement.java:51) ~[httpclient5-5.5.2.jar:5.5.2]
	at org.apache.hc.client5.http.impl.classic.InternalHttpClient.doExecute(InternalHttpClient.java:185) ~[httpclient5-5.5.2.jar:5.5.2]
	at org.apache.hc.client5.http.impl.classic.CloseableHttpClient.execute(CloseableHttpClient.java:87) ~[httpclient5-5.5.2.jar:5.5.2]
	at org.apache.hc.client5.http.impl.classic.CloseableHttpClient.execute(CloseableHttpClient.java:55) ~[httpclient5-5.5.2.jar:5.5.2]
	at org.apache.hc.client5.http.classic.HttpClient.executeOpen(HttpClient.java:183) ~[httpclient5-5.5.2.jar:5.5.2]
	at org.springframework.http.client.HttpComponentsClientHttpRequest.executeInternal(HttpComponentsClientHttpRequest.java:99) ~[spring-web-6.2.19.jar:6.2.19]
	at org.springframework.http.client.AbstractStreamingClientHttpRequest.executeInternal(AbstractStreamingClientHttpRequest.java:88) ~[spring-web-6.2.19.jar:6.2.19]
	at org.springframework.http.client.AbstractClientHttpRequest.execute(AbstractClientHttpRequest.java:81) ~[spring-web-6.2.19.jar:6.2.19]
	at org.springframework.http.client.InterceptingClientHttpRequest$InterceptingRequestExecution.execute(InterceptingClientHttpRequest.java:117) ~[spring-web-6.2.19.jar:6.2.19]
	at org.springframework.cloud.netflix.eureka.http.RestTemplateTransportClientFactory.lambda$restTemplate$2(RestTemplateTransportClientFactory.java:145) ~[spring-cloud-netflix-eureka-client-4.3.3.jar:4.3.3]
	at org.springframework.http.client.InterceptingClientHttpRequest$InterceptingRequestExecution.execute(InterceptingClientHttpRequest.java:88) ~[spring-web-6.2.19.jar:6.2.19]
	at org.springframework.http.client.support.BasicAuthenticationInterceptor.intercept(BasicAuthenticationInterceptor.java:79) ~[spring-web-6.2.19.jar:6.2.19]
	at org.springframework.http.client.InterceptingClientHttpRequest$InterceptingRequestExecution.execute(InterceptingClientHttpRequest.java:88) ~[spring-web-6.2.19.jar:6.2.19]
	at org.springframework.http.client.InterceptingClientHttpRequest.executeInternal(InterceptingClientHttpRequest.java:72) ~[spring-web-6.2.19.jar:6.2.19]
	at org.springframework.http.client.AbstractBufferingClientHttpRequest.executeInternal(AbstractBufferingClientHttpRequest.java:48) ~[spring-web-6.2.19.jar:6.2.19]
	at org.springframework.http.client.AbstractClientHttpRequest.execute(AbstractClientHttpRequest.java:81) ~[spring-web-6.2.19.jar:6.2.19]
	at org.springframework.web.client.RestTemplate.doExecute(RestTemplate.java:900) ~[spring-web-6.2.19.jar:6.2.19]
	... 22 common frames omitted

2026-07-10T17:37:45.259-05:00  WARN [bottles-api, , ] 67932 --- [bottles-api] [DiscoveryClient-InstanceInfoReplicator-%d] [                                                 ] c.n.d.s.t.d.RetryableEurekaHttpClient    : Request execution failed with message: I/O error on POST request for "http://localhost:8010/eureka/apps/BOTTLES-API": Connect to http://localhost:8010 failed: Connection refused
2026-07-10T17:37:45.259-05:00  WARN [bottles-api, , ] 67932 --- [bottles-api] [DiscoveryClient-InstanceInfoReplicator-%d] [                                                 ] com.netflix.discovery.DiscoveryClient    : DiscoveryClient_BOTTLES-API/bottles-api:deb5f01eddf438369cf6eb68684c1b48 - registration failed Cannot execute request on any known server

com.netflix.discovery.shared.transport.TransportException: Cannot execute request on any known server
	at com.netflix.discovery.shared.transport.decorator.RetryableEurekaHttpClient.execute(RetryableEurekaHttpClient.java:112) ~[eureka-client-2.0.6.jar:2.0.6]
	at com.netflix.discovery.shared.transport.decorator.EurekaHttpClientDecorator.register(EurekaHttpClientDecorator.java:56) ~[eureka-client-2.0.6.jar:2.0.6]
	at com.netflix.discovery.shared.transport.decorator.EurekaHttpClientDecorator$1.execute(EurekaHttpClientDecorator.java:59) ~[eureka-client-2.0.6.jar:2.0.6]
	at com.netflix.discovery.shared.transport.decorator.SessionedEurekaHttpClient.execute(SessionedEurekaHttpClient.java:76) ~[eureka-client-2.0.6.jar:2.0.6]
	at com.netflix.discovery.shared.transport.decorator.EurekaHttpClientDecorator.register(EurekaHttpClientDecorator.java:56) ~[eureka-client-2.0.6.jar:2.0.6]
	at com.netflix.discovery.DiscoveryClient.register(DiscoveryClient.java:843) ~[eureka-client-2.0.6.jar:2.0.6]
	at com.netflix.discovery.InstanceInfoReplicator.run(InstanceInfoReplicator.java:125) ~[eureka-client-2.0.6.jar:2.0.6]
	at com.netflix.discovery.InstanceInfoReplicator$2.run(InstanceInfoReplicator.java:105) ~[eureka-client-2.0.6.jar:2.0.6]
	at java.base/java.util.concurrent.Executors$RunnableAdapter.call(Executors.java:539) ~[na:na]
	at java.base/java.util.concurrent.FutureTask.run(FutureTask.java:264) ~[na:na]
	at java.base/java.util.concurrent.ScheduledThreadPoolExecutor$ScheduledFutureTask.run(ScheduledThreadPoolExecutor.java:304) ~[na:na]
	at java.base/java.util.concurrent.ThreadPoolExecutor.runWorker(ThreadPoolExecutor.java:1136) ~[na:na]
	at java.base/java.util.concurrent.ThreadPoolExecutor$Worker.run(ThreadPoolExecutor.java:635) ~[na:na]
	at java.base/java.lang.Thread.run(Thread.java:840) ~[na:na]

2026-07-10T17:37:45.260-05:00  INFO [bottles-api, , ] 67932 --- [bottles-api] [SpringApplicationShutdownHook] [                                                 ] o.s.a.r.l.SimpleMessageListenerContainer : Waiting for workers to finish.
2026-07-10T17:37:45.260-05:00  WARN [bottles-api, , ] 67932 --- [bottles-api] [DiscoveryClient-InstanceInfoReplicator-%d] [                                                 ] c.n.discovery.InstanceInfoReplicator     : There was a problem with the instance info replicator

com.netflix.discovery.shared.transport.TransportException: Cannot execute request on any known server
	at com.netflix.discovery.shared.transport.decorator.RetryableEurekaHttpClient.execute(RetryableEurekaHttpClient.java:112) ~[eureka-client-2.0.6.jar:2.0.6]
	at com.netflix.discovery.shared.transport.decorator.EurekaHttpClientDecorator.register(EurekaHttpClientDecorator.java:56) ~[eureka-client-2.0.6.jar:2.0.6]
	at com.netflix.discovery.shared.transport.decorator.EurekaHttpClientDecorator$1.execute(EurekaHttpClientDecorator.java:59) ~[eureka-client-2.0.6.jar:2.0.6]
	at com.netflix.discovery.shared.transport.decorator.SessionedEurekaHttpClient.execute(SessionedEurekaHttpClient.java:76) ~[eureka-client-2.0.6.jar:2.0.6]
	at com.netflix.discovery.shared.transport.decorator.EurekaHttpClientDecorator.register(EurekaHttpClientDecorator.java:56) ~[eureka-client-2.0.6.jar:2.0.6]
	at com.netflix.discovery.DiscoveryClient.register(DiscoveryClient.java:843) ~[eureka-client-2.0.6.jar:2.0.6]
	at com.netflix.discovery.InstanceInfoReplicator.run(InstanceInfoReplicator.java:125) ~[eureka-client-2.0.6.jar:2.0.6]
	at com.netflix.discovery.InstanceInfoReplicator$2.run(InstanceInfoReplicator.java:105) ~[eureka-client-2.0.6.jar:2.0.6]
	at java.base/java.util.concurrent.Executors$RunnableAdapter.call(Executors.java:539) ~[na:na]
	at java.base/java.util.concurrent.FutureTask.run(FutureTask.java:264) ~[na:na]
	at java.base/java.util.concurrent.ScheduledThreadPoolExecutor$ScheduledFutureTask.run(ScheduledThreadPoolExecutor.java:304) ~[na:na]
	at java.base/java.util.concurrent.ThreadPoolExecutor.runWorker(ThreadPoolExecutor.java:1136) ~[na:na]
	at java.base/java.util.concurrent.ThreadPoolExecutor$Worker.run(ThreadPoolExecutor.java:635) ~[na:na]
	at java.base/java.lang.Thread.run(Thread.java:840) ~[na:na]

2026-07-10T17:40:18.170-05:00  INFO [bottles-api, , ] 71265 --- [bottles-api] [restartedMain] [                                                 ] c.c.c.ConfigServicePropertySourceLocator : Fetching config from server at : http://localhost:8012
2026-07-10T17:40:18.839-05:00  INFO [bottles-api, , ] 71265 --- [bottles-api] [restartedMain] [                                                 ] c.c.c.ConfigServicePropertySourceLocator : Located environment: name=bottles-api, profiles=[default], label=null, version=8b8af943e992841be49bde8985e5fcb479afe5f6, state=
2026-07-10T17:40:18.840-05:00  INFO [bottles-api, , ] 71265 --- [bottles-api] [restartedMain] [                                                 ] b.c.PropertySourceBootstrapConfiguration : Located property source: [BootstrapPropertySource {name='bootstrapProperties-configClient'}, BootstrapPropertySource {name='bootstrapProperties-https://github.com/PeterEckIII/bourbon_nook_configuration/application.properties'}]
2026-07-10T17:40:18.846-05:00  INFO [bottles-api, , ] 71265 --- [bottles-api] [restartedMain] [                                                 ] c.b.bottles_api.BottlesApiApplication    : No active profile set, falling back to 1 default profile: "default"
2026-07-10T17:40:19.242-05:00  INFO [bottles-api, , ] 71265 --- [bottles-api] [restartedMain] [                                                 ] .s.d.r.c.RepositoryConfigurationDelegate : Bootstrapping Spring Data JPA repositories in DEFAULT mode.
2026-07-10T17:40:19.285-05:00  INFO [bottles-api, , ] 71265 --- [bottles-api] [restartedMain] [                                                 ] .s.d.r.c.RepositoryConfigurationDelegate : Finished Spring Data repository scanning in 39 ms. Found 1 JPA repository interface.
2026-07-10T17:40:19.377-05:00  INFO [bottles-api, , ] 71265 --- [bottles-api] [restartedMain] [                                                 ] faultConfiguringBeanFactoryPostProcessor : No bean named 'errorChannel' has been explicitly defined. Therefore, a default PublishSubscribeChannel will be created.
2026-07-10T17:40:19.379-05:00  INFO [bottles-api, , ] 71265 --- [bottles-api] [restartedMain] [                                                 ] faultConfiguringBeanFactoryPostProcessor : No bean named 'integrationHeaderChannelRegistry' has been explicitly defined. Therefore, a default DefaultHeaderChannelRegistry will be created.
2026-07-10T17:40:19.419-05:00  INFO [bottles-api, , ] 71265 --- [bottles-api] [restartedMain] [                                                 ] o.s.cloud.context.scope.GenericScope     : BeanFactory id=826a94ad-be53-39fe-b95d-ff0421165955
2026-07-10T17:40:19.606-05:00  INFO [bottles-api, , ] 71265 --- [bottles-api] [restartedMain] [                                                 ] o.s.b.w.embedded.tomcat.TomcatWebServer  : Tomcat initialized with port 8083 (http)
2026-07-10T17:40:19.611-05:00  INFO [bottles-api, , ] 71265 --- [bottles-api] [restartedMain] [                                                 ] o.apache.catalina.core.StandardService   : Starting service [Tomcat]
2026-07-10T17:40:19.611-05:00  INFO [bottles-api, , ] 71265 --- [bottles-api] [restartedMain] [                                                 ] o.apache.catalina.core.StandardEngine    : Starting Servlet engine: [Apache Tomcat/10.1.55]
2026-07-10T17:40:19.627-05:00  INFO [bottles-api, , ] 71265 --- [bottles-api] [restartedMain] [                                                 ] o.a.c.c.C.[Tomcat].[localhost].[/]       : Initializing Spring embedded WebApplicationContext
2026-07-10T17:40:19.627-05:00  INFO [bottles-api, , ] 71265 --- [bottles-api] [restartedMain] [                                                 ] w.s.c.ServletWebServerApplicationContext : Root WebApplicationContext: initialization completed in 777 ms
2026-07-10T17:40:19.803-05:00  INFO [bottles-api, , ] 71265 --- [bottles-api] [restartedMain] [                                                 ] o.hibernate.jpa.internal.util.LogHelper  : HHH000204: Processing PersistenceUnitInfo [name: default]
2026-07-10T17:40:19.820-05:00  INFO [bottles-api, , ] 71265 --- [bottles-api] [restartedMain] [                                                 ] org.hibernate.Version                    : HHH000412: Hibernate ORM core version 6.6.53.Final
2026-07-10T17:40:19.831-05:00  INFO [bottles-api, , ] 71265 --- [bottles-api] [restartedMain] [                                                 ] o.h.c.internal.RegionFactoryInitiator    : HHH000026: Second-level cache disabled
2026-07-10T17:40:19.910-05:00  INFO [bottles-api, , ] 71265 --- [bottles-api] [restartedMain] [                                                 ] o.s.o.j.p.SpringPersistenceUnitInfo      : No LoadTimeWeaver setup: ignoring JPA class transformer
2026-07-10T17:40:19.919-05:00  INFO [bottles-api, , ] 71265 --- [bottles-api] [restartedMain] [                                                 ] com.zaxxer.hikari.HikariDataSource       : HikariPool-1 - Starting...
2026-07-10T17:40:19.995-05:00  INFO [bottles-api, , ] 71265 --- [bottles-api] [restartedMain] [                                                 ] com.zaxxer.hikari.pool.HikariPool        : HikariPool-1 - Added connection com.mysql.cj.jdbc.ConnectionImpl@6c26e102
2026-07-10T17:40:19.996-05:00  INFO [bottles-api, , ] 71265 --- [bottles-api] [restartedMain] [                                                 ] com.zaxxer.hikari.HikariDataSource       : HikariPool-1 - Start completed.
2026-07-10T17:40:20.031-05:00  INFO [bottles-api, , ] 71265 --- [bottles-api] [restartedMain] [                                                 ] org.hibernate.orm.connections.pooling    : HHH10001005: Database info:
	Database JDBC URL [Connecting through datasource 'HikariDataSource (HikariPool-1)']
	Database driver: undefined/unknown
	Database version: 9.6
	Autocommit mode: undefined/unknown
	Isolation level: undefined/unknown
	Minimum pool size: undefined/unknown
	Maximum pool size: undefined/unknown
2026-07-10T17:40:20.324-05:00  INFO [bottles-api, , ] 71265 --- [bottles-api] [restartedMain] [                                                 ] o.h.e.t.j.p.i.JtaPlatformInitiator       : HHH000489: No JTA platform available (set 'hibernate.transaction.jta.platform' to enable JTA platform integration)
2026-07-10T17:40:20.347-05:00  INFO [bottles-api, , ] 71265 --- [bottles-api] [restartedMain] [                                                 ] j.LocalContainerEntityManagerFactoryBean : Initialized JPA EntityManagerFactory for persistence unit 'default'
2026-07-10T17:40:20.462-05:00  WARN [bottles-api, , ] 71265 --- [bottles-api] [restartedMain] [                                                 ] JpaBaseConfiguration$JpaWebConfiguration : spring.jpa.open-in-view is enabled by default. Therefore, database queries may be performed during view rendering. Explicitly configure spring.jpa.open-in-view to disable this warning
2026-07-10T17:40:20.677-05:00  INFO [bottles-api, , ] 71265 --- [bottles-api] [restartedMain] [                                                 ] o.s.b.a.e.web.EndpointLinksResolver      : Exposing 2 endpoints beneath base path '/actuator'
2026-07-10T17:40:20.697-05:00  INFO [bottles-api, , ] 71265 --- [bottles-api] [restartedMain] [                                                 ] r$InitializeUserDetailsManagerConfigurer : Global AuthenticationManager configured with UserDetailsService bean with name inMemoryUserDetailsManager
2026-07-10T17:40:20.838-05:00  INFO [bottles-api, , ] 71265 --- [bottles-api] [restartedMain] [                                                 ] o.s.c.s.m.DirectWithAttributesChannel    : Channel 'application-1.springCloudBusInput' has 1 subscriber(s).
2026-07-10T17:40:20.909-05:00  INFO [bottles-api, , ] 71265 --- [bottles-api] [restartedMain] [                                                 ] o.s.b.a.h2.H2ConsoleAutoConfiguration    : H2 console available at '/h2-console'. Database available at 'jdbc:mysql://localhost:3306/bourbon_nook?serverTimezone=UTC'
2026-07-10T17:40:20.923-05:00  WARN [bottles-api, , ] 71265 --- [bottles-api] [restartedMain] [                                                 ] o.s.b.d.a.OptionalLiveReloadServer       : Unable to start LiveReload server
2026-07-10T17:40:20.933-05:00  INFO [bottles-api, , ] 71265 --- [bottles-api] [restartedMain] [                                                 ] DiscoveryClientOptionalArgsConfiguration : Eureka HTTP Client uses RestTemplate.
2026-07-10T17:40:20.947-05:00  WARN [bottles-api, , ] 71265 --- [bottles-api] [restartedMain] [                                                 ] iguration$LoadBalancerCaffeineWarnLogger : Spring Cloud LoadBalancer is currently working with the default cache. While this cache implementation is useful for development and tests, it's recommended to use Caffeine cache in production.You can switch to using Caffeine cache, by adding it and org.springframework.cache.caffeine.CaffeineCacheManager to the classpath.
2026-07-10T17:40:20.999-05:00  INFO [bottles-api, , ] 71265 --- [bottles-api] [restartedMain] [                                                 ] figuration$IntegrationJmxConfiguration$1 : Registering MessageChannel errorChannel
2026-07-10T17:40:21.001-05:00  INFO [bottles-api, , ] 71265 --- [bottles-api] [restartedMain] [                                                 ] figuration$IntegrationJmxConfiguration$1 : Registering MessageChannel springCloudBusInput
2026-07-10T17:40:21.003-05:00  INFO [bottles-api, , ] 71265 --- [bottles-api] [restartedMain] [                                                 ] figuration$IntegrationJmxConfiguration$1 : Registering MessageChannel nullChannel
2026-07-10T17:40:21.005-05:00  INFO [bottles-api, , ] 71265 --- [bottles-api] [restartedMain] [                                                 ] figuration$IntegrationJmxConfiguration$1 : Registering MessageHandler _org.springframework.integration.errorLogger
2026-07-10T17:40:21.008-05:00  INFO [bottles-api, , ] 71265 --- [bottles-api] [restartedMain] [                                                 ] o.s.i.endpoint.EventDrivenConsumer       : Adding {logging-channel-adapter:_org.springframework.integration.errorLogger} as a subscriber to the 'errorChannel' channel
2026-07-10T17:40:21.009-05:00  INFO [bottles-api, , ] 71265 --- [bottles-api] [restartedMain] [                                                 ] o.s.i.channel.PublishSubscribeChannel    : Channel 'application-1.errorChannel' has 1 subscriber(s).
2026-07-10T17:40:21.009-05:00  INFO [bottles-api, , ] 71265 --- [bottles-api] [restartedMain] [                                                 ] o.s.i.endpoint.EventDrivenConsumer       : started bean '_org.springframework.integration.errorLogger'
2026-07-10T17:40:21.027-05:00  INFO [bottles-api, , ] 71265 --- [bottles-api] [restartedMain] [                                                 ] o.s.c.n.eureka.InstanceInfoFactory       : Setting initial instance status as: STARTING
2026-07-10T17:40:21.034-05:00  INFO [bottles-api, , ] 71265 --- [bottles-api] [restartedMain] [                                                 ] com.netflix.discovery.DiscoveryClient    : Initializing Eureka in region us-east-1
2026-07-10T17:40:21.035-05:00  INFO [bottles-api, , ] 71265 --- [bottles-api] [restartedMain] [                                                 ] c.n.d.s.r.aws.ConfigClusterResolver      : Resolving eureka endpoints via configuration
2026-07-10T17:40:21.037-05:00  INFO [bottles-api, , ] 71265 --- [bottles-api] [restartedMain] [                                                 ] com.netflix.discovery.DiscoveryClient    : Disable delta property : false
2026-07-10T17:40:21.038-05:00  INFO [bottles-api, , ] 71265 --- [bottles-api] [restartedMain] [                                                 ] com.netflix.discovery.DiscoveryClient    : Single vip registry refresh property : null
2026-07-10T17:40:21.038-05:00  INFO [bottles-api, , ] 71265 --- [bottles-api] [restartedMain] [                                                 ] com.netflix.discovery.DiscoveryClient    : Force full registry fetch : false
2026-07-10T17:40:21.038-05:00  INFO [bottles-api, , ] 71265 --- [bottles-api] [restartedMain] [                                                 ] com.netflix.discovery.DiscoveryClient    : Application is null : false
2026-07-10T17:40:21.038-05:00  INFO [bottles-api, , ] 71265 --- [bottles-api] [restartedMain] [                                                 ] com.netflix.discovery.DiscoveryClient    : Registered Applications size is zero : true
2026-07-10T17:40:21.038-05:00  INFO [bottles-api, , ] 71265 --- [bottles-api] [restartedMain] [                                                 ] com.netflix.discovery.DiscoveryClient    : Application version is -1: true
2026-07-10T17:40:21.038-05:00  INFO [bottles-api, , ] 71265 --- [bottles-api] [restartedMain] [                                                 ] com.netflix.discovery.DiscoveryClient    : Getting all instance registry info from the eureka server
2026-07-10T17:40:21.189-05:00  INFO [bottles-api, , ] 71265 --- [bottles-api] [restartedMain] [                                                 ] com.netflix.discovery.DiscoveryClient    : The response status is 200
2026-07-10T17:40:21.189-05:00  INFO [bottles-api, , ] 71265 --- [bottles-api] [restartedMain] [                                                 ] com.netflix.discovery.DiscoveryClient    : Starting heartbeat executor: renew interval is: 30
2026-07-10T17:40:21.190-05:00  INFO [bottles-api, , ] 71265 --- [bottles-api] [restartedMain] [                                                 ] c.n.discovery.InstanceInfoReplicator     : InstanceInfoReplicator onDemand update allowed rate per min is 4
2026-07-10T17:40:21.190-05:00  INFO [bottles-api, , ] 71265 --- [bottles-api] [restartedMain] [                                                 ] com.netflix.discovery.DiscoveryClient    : Discovery Client initialized at timestamp 1783723221190 with initial instances count: 2
2026-07-10T17:40:21.192-05:00  INFO [bottles-api, , ] 71265 --- [bottles-api] [restartedMain] [                                                 ] o.s.c.n.e.s.EurekaServiceRegistry        : Registering application BOTTLES-API with eureka with status UP
2026-07-10T17:40:21.192-05:00  INFO [bottles-api, , ] 71265 --- [bottles-api] [restartedMain] [                                                 ] com.netflix.discovery.DiscoveryClient    : Saw local status change event StatusChangeEvent [timestamp=1783723221192, current=UP, previous=STARTING]
2026-07-10T17:40:21.193-05:00  INFO [bottles-api, , ] 71265 --- [bottles-api] [DiscoveryClient-InstanceInfoReplicator-%d] [                                                 ] com.netflix.discovery.DiscoveryClient    : DiscoveryClient_BOTTLES-API/bottles-api:c49cbcb686616ef9172a96df82977148: registering service...
2026-07-10T17:40:21.194-05:00  INFO [bottles-api, , ] 71265 --- [bottles-api] [restartedMain] [                                                 ] o.s.c.s.binder.DefaultBinderFactory      : Creating binder: rabbit
2026-07-10T17:40:21.194-05:00  INFO [bottles-api, , ] 71265 --- [bottles-api] [restartedMain] [                                                 ] o.s.c.s.binder.DefaultBinderFactory      : Constructing binder child context for rabbit
2026-07-10T17:40:21.229-05:00  INFO [bottles-api, , ] 71265 --- [bottles-api] [restartedMain] [                                                 ] o.s.c.s.binder.DefaultBinderFactory      : Caching the binder: rabbit
2026-07-10T17:40:21.233-05:00  INFO [bottles-api, , ] 71265 --- [bottles-api] [restartedMain] [                                                 ] c.s.b.r.p.RabbitExchangeQueueProvisioner : declaring queue for inbound: springCloudBus.anonymous.COD8ivsvQ_Wjn-umTd7aew, bound to: springCloudBus
2026-07-10T17:40:21.235-05:00  INFO [bottles-api, , ] 71265 --- [bottles-api] [restartedMain] [                                                 ] o.s.a.r.c.CachingConnectionFactory       : Attempting to connect to: [localhost:5672]
2026-07-10T17:40:21.268-05:00  INFO [bottles-api, , ] 71265 --- [bottles-api] [restartedMain] [                                                 ] o.s.a.r.c.CachingConnectionFactory       : Created new connection: rabbitConnectionFactory#8e8a0ea:0/SimpleConnection@6cf3522f [delegate=amqp://peter@127.0.0.1:5672/, localPort=60561]
2026-07-10T17:40:21.284-05:00  INFO [bottles-api, , ] 71265 --- [bottles-api] [DiscoveryClient-InstanceInfoReplicator-%d] [                                                 ] com.netflix.discovery.DiscoveryClient    : DiscoveryClient_BOTTLES-API/bottles-api:c49cbcb686616ef9172a96df82977148 - registration status: 204
2026-07-10T17:40:21.296-05:00  INFO [bottles-api, , ] 71265 --- [bottles-api] [restartedMain] [                                                 ] o.s.c.stream.binder.BinderErrorChannel   : Channel 'rabbit-1836948690.springCloudBusInput.errors' has 1 subscriber(s).
2026-07-10T17:40:21.297-05:00  INFO [bottles-api, , ] 71265 --- [bottles-api] [restartedMain] [                                                 ] o.s.c.stream.binder.BinderErrorChannel   : Channel 'rabbit-1836948690.springCloudBusInput.errors' has 2 subscriber(s).
2026-07-10T17:40:21.302-05:00  INFO [bottles-api, , ] 71265 --- [bottles-api] [restartedMain] [                                                 ] o.s.i.a.i.AmqpInboundChannelAdapter      : started bean 'inbound.springCloudBus.anonymous.COD8ivsvQ_Wjn-umTd7aew'
2026-07-10T17:40:21.306-05:00  INFO [bottles-api, , ] 71265 --- [bottles-api] [restartedMain] [                                                 ] o.s.b.w.embedded.tomcat.TomcatWebServer  : Tomcat started on port 8083 (http) with context path '/'
2026-07-10T17:40:21.307-05:00  INFO [bottles-api, , ] 71265 --- [bottles-api] [restartedMain] [                                                 ] .s.c.n.e.s.EurekaAutoServiceRegistration : Updating port to 8083
2026-07-10T17:40:21.325-05:00  INFO [bottles-api, , ] 71265 --- [bottles-api] [restartedMain] [                                                 ] figuration$IntegrationJmxConfiguration$1 : Registering MessageChannel rabbit-1836948690.springCloudBusInput.errors
2026-07-10T17:40:21.338-05:00  INFO [bottles-api, , ] 71265 --- [bottles-api] [restartedMain] [                                                 ] c.b.bottles_api.BottlesApiApplication    : Started BottlesApiApplication in 3.557 seconds (process running for 4.026)
2026-07-10T17:40:21.662-05:00  INFO [bottles-api, , ] 71265 --- [bottles-api] [RMI TCP Connection(1)-127.0.0.1] [                                                 ] o.a.c.c.C.[Tomcat].[localhost].[/]       : Initializing Spring DispatcherServlet 'dispatcherServlet'
2026-07-10T17:40:21.663-05:00  INFO [bottles-api, , ] 71265 --- [bottles-api] [RMI TCP Connection(1)-127.0.0.1] [                                                 ] o.s.web.servlet.DispatcherServlet        : Initializing Servlet 'dispatcherServlet'
2026-07-10T17:40:21.664-05:00  INFO [bottles-api, , ] 71265 --- [bottles-api] [RMI TCP Connection(1)-127.0.0.1] [                                                 ] o.s.web.servlet.DispatcherServlet        : Completed initialization in 1 ms
2026-07-10T17:41:00.507-05:00  INFO [bottles-api, 6a5174fc81edaa437ed890e1587be123, 737aeac35d0a4667] 71265 --- [bottles-api] [http-nio-8083-exec-1] [6a5174fc81edaa437ed890e1587be123-737aeac35d0a4667] c.b.b.controllers.BottleController       : Returning 2 bottles for id ec8a8f0a-3e2e-4779-9d9a-81ac719da94f
2026-07-10T17:41:06.514-05:00  INFO [bottles-api, , ] 71265 --- [bottles-api] [SpringApplicationShutdownHook] [                                                 ] o.s.c.n.e.s.EurekaServiceRegistry        : Unregistering application BOTTLES-API with eureka with status DOWN
2026-07-10T17:41:06.515-05:00  INFO [bottles-api, , ] 71265 --- [bottles-api] [SpringApplicationShutdownHook] [                                                 ] com.netflix.discovery.DiscoveryClient    : Saw local status change event StatusChangeEvent [timestamp=1783723266515, current=DOWN, previous=UP]
2026-07-10T17:41:06.515-05:00  INFO [bottles-api, , ] 71265 --- [bottles-api] [DiscoveryClient-InstanceInfoReplicator-%d] [                                                 ] com.netflix.discovery.DiscoveryClient    : DiscoveryClient_BOTTLES-API/bottles-api:c49cbcb686616ef9172a96df82977148: registering service...
2026-07-10T17:41:06.517-05:00  INFO [bottles-api, , ] 71265 --- [bottles-api] [SpringApplicationShutdownHook] [                                                 ] o.s.b.w.e.tomcat.GracefulShutdown        : Commencing graceful shutdown. Waiting for active requests to complete
2026-07-10T17:41:06.518-05:00  INFO [bottles-api, , ] 71265 --- [bottles-api] [tomcat-shutdown] [                                                 ] o.s.b.w.e.tomcat.GracefulShutdown        : Graceful shutdown complete
2026-07-10T17:41:06.525-05:00  INFO [bottles-api, , ] 71265 --- [bottles-api] [SpringApplicationShutdownHook] [                                                 ] o.s.a.r.l.SimpleMessageListenerContainer : Waiting for workers to finish.
2026-07-10T17:41:06.591-05:00  INFO [bottles-api, , ] 71265 --- [bottles-api] [DiscoveryClient-InstanceInfoReplicator-%d] [                                                 ] com.netflix.discovery.DiscoveryClient    : DiscoveryClient_BOTTLES-API/bottles-api:c49cbcb686616ef9172a96df82977148 - registration status: 204
2026-07-10T17:41:07.444-05:00  INFO [bottles-api, , ] 71265 --- [bottles-api] [SpringApplicationShutdownHook] [                                                 ] o.s.a.r.l.SimpleMessageListenerContainer : Successfully waited for workers to finish.
2026-07-10T17:41:07.444-05:00  INFO [bottles-api, , ] 71265 --- [bottles-api] [SpringApplicationShutdownHook] [                                                 ] o.s.i.a.i.AmqpInboundChannelAdapter      : stopped bean 'inbound.springCloudBus.anonymous.COD8ivsvQ_Wjn-umTd7aew'
2026-07-10T17:41:07.450-05:00  INFO [bottles-api, , ] 71265 --- [bottles-api] [SpringApplicationShutdownHook] [                                                 ] o.s.c.stream.binder.BinderErrorChannel   : Channel 'application-1.rabbit-1836948690.springCloudBusInput.errors' has 1 subscriber(s).
2026-07-10T17:41:07.451-05:00  INFO [bottles-api, , ] 71265 --- [bottles-api] [SpringApplicationShutdownHook] [                                                 ] o.s.c.stream.binder.BinderErrorChannel   : Channel 'application-1.rabbit-1836948690.springCloudBusInput.errors' has 0 subscriber(s).
2026-07-10T17:41:07.464-05:00  INFO [bottles-api, , ] 71265 --- [bottles-api] [SpringApplicationShutdownHook] [                                                 ] o.s.i.endpoint.EventDrivenConsumer       : Removing {logging-channel-adapter:_org.springframework.integration.errorLogger} as a subscriber to the 'errorChannel' channel
2026-07-10T17:41:07.464-05:00  INFO [bottles-api, , ] 71265 --- [bottles-api] [SpringApplicationShutdownHook] [                                                 ] o.s.i.channel.PublishSubscribeChannel    : Channel 'application-1.errorChannel' has 0 subscriber(s).
2026-07-10T17:41:07.464-05:00  INFO [bottles-api, , ] 71265 --- [bottles-api] [SpringApplicationShutdownHook] [                                                 ] o.s.i.endpoint.EventDrivenConsumer       : stopped bean '_org.springframework.integration.errorLogger'
2026-07-10T17:41:07.470-05:00  INFO [bottles-api, , ] 71265 --- [bottles-api] [SpringApplicationShutdownHook] [                                                 ] j.LocalContainerEntityManagerFactoryBean : Closing JPA EntityManagerFactory for persistence unit 'default'
2026-07-10T17:41:07.471-05:00  INFO [bottles-api, , ] 71265 --- [bottles-api] [SpringApplicationShutdownHook] [                                                 ] com.zaxxer.hikari.HikariDataSource       : HikariPool-1 - Shutdown initiated...
2026-07-10T17:41:07.473-05:00  INFO [bottles-api, , ] 71265 --- [bottles-api] [SpringApplicationShutdownHook] [                                                 ] com.zaxxer.hikari.HikariDataSource       : HikariPool-1 - Shutdown completed.
2026-07-10T17:41:08.477-05:00  INFO [bottles-api, , ] 71265 --- [bottles-api] [SpringApplicationShutdownHook] [                                                 ] com.netflix.discovery.DiscoveryClient    : Shutting down DiscoveryClient ...
2026-07-10T17:41:11.478-05:00  INFO [bottles-api, , ] 71265 --- [bottles-api] [SpringApplicationShutdownHook] [                                                 ] com.netflix.discovery.DiscoveryClient    : Unregistering ...
2026-07-10T17:41:11.563-05:00  INFO [bottles-api, , ] 71265 --- [bottles-api] [SpringApplicationShutdownHook] [                                                 ] com.netflix.discovery.DiscoveryClient    : DiscoveryClient_BOTTLES-API/bottles-api:c49cbcb686616ef9172a96df82977148 - deregister  status: 200
2026-07-10T17:41:11.564-05:00  INFO [bottles-api, , ] 71265 --- [bottles-api] [SpringApplicationShutdownHook] [                                                 ] com.netflix.discovery.DiscoveryClient    : Completed shut down of DiscoveryClient
